Jan 28, 2016 4:56:06 PM org.apache.catalina.startup.VersionLoggerListener log
INFO: Server version:        Apache Tomcat/7.0.67
Jan 28, 2016 4:56:06 PM org.apache.catalina.startup.VersionLoggerListener log
INFO: Server built:          Dec 7 2015 13:07:11 UTC
Jan 28, 2016 4:56:06 PM org.apache.catalina.startup.VersionLoggerListener log
INFO: Server number:         7.0.67.0
Jan 28, 2016 4:56:06 PM org.apache.catalina.startup.VersionLoggerListener log
INFO: OS Name:               Linux
Jan 28, 2016 4:56:06 PM org.apache.catalina.startup.VersionLoggerListener log
INFO: OS Version:            3.10.0-123.el7.x86_64
Jan 28, 2016 4:56:06 PM org.apache.catalina.startup.VersionLoggerListener log
INFO: Architecture:          amd64
Jan 28, 2016 4:56:06 PM org.apache.catalina.startup.VersionLoggerListener log
INFO: Java Home:             /usr/java/jdk/jre
Jan 28, 2016 4:56:06 PM org.apache.catalina.startup.VersionLoggerListener log
INFO: JVM Version:           1.7.0_67-b01
Jan 28, 2016 4:56:06 PM org.apache.catalina.startup.VersionLoggerListener log
INFO: JVM Vendor:            Oracle Corporation
Jan 28, 2016 4:56:06 PM org.apache.catalina.startup.VersionLoggerListener log
INFO: CATALINA_BASE:         /root/soft/apache-tomcat-7.0.67
Jan 28, 2016 4:56:06 PM org.apache.catalina.startup.VersionLoggerListener log
INFO: CATALINA_HOME:         /root/soft/apache-tomcat-7.0.67
Jan 28, 2016 4:56:06 PM org.apache.catalina.startup.VersionLoggerListener log
INFO: Command line argument: -Djava.util.logging.config.file=/root/soft/apache-tomcat-7.0.67/conf/logging.properties
Jan 28, 2016 4:56:06 PM org.apache.catalina.startup.VersionLoggerListener log
INFO: Command line argument: -Djava.util.logging.manager=org.apache.juli.ClassLoaderLogManager
Jan 28, 2016 4:56:06 PM org.apache.catalina.startup.VersionLoggerListener log
INFO: Command line argument: -Djava.endorsed.dirs=/root/soft/apache-tomcat-7.0.67/endorsed
Jan 28, 2016 4:56:06 PM org.apache.catalina.startup.VersionLoggerListener log
INFO: Command line argument: -Dcatalina.base=/root/soft/apache-tomcat-7.0.67
Jan 28, 2016 4:56:06 PM org.apache.catalina.startup.VersionLoggerListener log
INFO: Command line argument: -Dcatalina.home=/root/soft/apache-tomcat-7.0.67
Jan 28, 2016 4:56:06 PM org.apache.catalina.startup.VersionLoggerListener log
INFO: Command line argument: -Djava.io.tmpdir=/root/soft/apache-tomcat-7.0.67/temp
Jan 28, 2016 4:56:06 PM org.apache.catalina.core.AprLifecycleListener lifecycleEvent
INFO: The APR based Apache Tomcat Native library which allows optimal performance in production environments was not found on the java.library.path: /usr/java/packages/lib/amd64:/usr/lib64:/lib64:/lib:/usr/lib
Jan 28, 2016 4:56:06 PM org.apache.coyote.AbstractProtocol init
INFO: Initializing ProtocolHandler ["http-bio-8080"]
Jan 28, 2016 4:56:07 PM org.apache.coyote.AbstractProtocol init
INFO: Initializing ProtocolHandler ["ajp-bio-8009"]
Jan 28, 2016 4:56:07 PM org.apache.catalina.startup.Catalina load
INFO: Initialization processed in 2230 ms
Jan 28, 2016 4:56:07 PM org.apache.catalina.core.StandardService startInternal
INFO: Starting service Catalina
Jan 28, 2016 4:56:07 PM org.apache.catalina.core.StandardEngine startInternal
INFO: Starting Servlet Engine: Apache Tomcat/7.0.67
Jan 28, 2016 4:56:07 PM org.apache.catalina.startup.HostConfig deployWAR
INFO: Deploying web application archive /root/soft/apache-tomcat-7.0.67/webapps/super-diamond-server.war
Jan 28, 2016 4:56:12 PM org.apache.catalina.startup.TldConfig execute
INFO: At least one JAR was scanned for TLDs yet contained no TLDs. Enable debug logging for this logger for a complete list of JARs that were scanned but no TLDs were found in them. Skipping unneeded JARs during scanning can improve startup time and JSP compilation time.
Jan 28, 2016 4:56:18 PM com.alibaba.druid.pool.DruidDataSource info
INFO: {dataSource-1} inited
Jan 28, 2016 4:56:22 PM org.apache.catalina.startup.HostConfig deployWAR
INFO: Deployment of web application archive /root/soft/apache-tomcat-7.0.67/webapps/super-diamond-server.war has finished in 15,231 ms
Jan 28, 2016 4:56:22 PM org.apache.catalina.startup.HostConfig deployDirectory
INFO: Deploying web application directory /root/soft/apache-tomcat-7.0.67/webapps/ROOT
Jan 28, 2016 4:56:22 PM org.apache.catalina.startup.HostConfig deployDirectory
INFO: Deployment of web application directory /root/soft/apache-tomcat-7.0.67/webapps/ROOT has finished in 100 ms
Jan 28, 2016 4:56:22 PM org.apache.catalina.startup.HostConfig deployDirectory
INFO: Deploying web application directory /root/soft/apache-tomcat-7.0.67/webapps/docs
Jan 28, 2016 4:56:22 PM org.apache.catalina.startup.HostConfig deployDirectory
INFO: Deployment of web application directory /root/soft/apache-tomcat-7.0.67/webapps/docs has finished in 135 ms
Jan 28, 2016 4:56:22 PM org.apache.catalina.startup.HostConfig deployDirectory
INFO: Deploying web application directory /root/soft/apache-tomcat-7.0.67/webapps/examples
Jan 28, 2016 4:56:23 PM org.apache.catalina.startup.HostConfig deployDirectory
INFO: Deployment of web application directory /root/soft/apache-tomcat-7.0.67/webapps/examples has finished in 634 ms
Jan 28, 2016 4:56:23 PM org.apache.catalina.startup.HostConfig deployDirectory
INFO: Deploying web application directory /root/soft/apache-tomcat-7.0.67/webapps/host-manager
Jan 28, 2016 4:56:23 PM org.apache.catalina.startup.HostConfig deployDirectory
INFO: Deployment of web application directory /root/soft/apache-tomcat-7.0.67/webapps/host-manager has finished in 147 ms
Jan 28, 2016 4:56:23 PM org.apache.catalina.startup.HostConfig deployDirectory
INFO: Deploying web application directory /root/soft/apache-tomcat-7.0.67/webapps/manager
Jan 28, 2016 4:56:23 PM org.apache.catalina.startup.HostConfig deployDirectory
INFO: Deployment of web application directory /root/soft/apache-tomcat-7.0.67/webapps/manager has finished in 102 ms
Jan 28, 2016 4:56:23 PM org.apache.coyote.AbstractProtocol start
INFO: Starting ProtocolHandler ["http-bio-8080"]
Jan 28, 2016 4:56:23 PM org.apache.coyote.AbstractProtocol start
INFO: Starting ProtocolHandler ["ajp-bio-8009"]
Jan 28, 2016 4:56:23 PM org.apache.catalina.startup.Catalina start
INFO: Server startup in 16632 ms
